<?xml version="1.0" encoding="UTF-8"?>
<testsuite name="pt.up.fe.ldts.example2.ShapeSpockTest" tests="6" skipped="0" failures="0" errors="0" timestamp="2021-12-10T16:20:36" hostname="lucas-zenbook-ux425ja" time="0.079">
  <properties/>
  <testcase name="Get Area Circle" classname="pt.up.fe.ldts.example2.ShapeSpockTest" time="0.055"/>
  <testcase name="Get Area Rectangle" classname="pt.up.fe.ldts.example2.ShapeSpockTest" time="0.001"/>
  <testcase name="Get Perimeter Circle" classname="pt.up.fe.ldts.example2.ShapeSpockTest" time="0.001"/>
  <testcase name="Get Perimeter Rectangle" classname="pt.up.fe.ldts.example2.ShapeSpockTest" time="0.001"/>
  <testcase name="Draw Circle" classname="pt.up.fe.ldts.example2.ShapeSpockTest" time="0.02"/>
  <testcase name="Draw Rectangle" classname="pt.up.fe.ldts.example2.ShapeSpockTest" time="0.001"/>
  <system-out><![CDATA[]]></system-out>
  <system-err><![CDATA[]]></system-err>
</testsuite>
