<?xml version="1.0" encoding="UTF-8"?>
<testsuite name="pt.up.fe.ldts.example1.OrderSpockTest" tests="3" skipped="0" failures="0" errors="0" timestamp="2021-12-10T16:34:01" hostname="lucas-zenbook-ux425ja" time="0.018">
  <properties/>
  <testcase name="Is Elegible For Free Delivery (Small)" classname="pt.up.fe.ldts.example1.OrderSpockTest" time="0.006"/>
  <testcase name="Is Elegible For Free Delivery (Large)" classname="pt.up.fe.ldts.example1.OrderSpockTest" time="0.0"/>
  <testcase name="Print Order" classname="pt.up.fe.ldts.example1.OrderSpockTest" time="0.012"/>
  <system-out><![CDATA[]]></system-out>
  <system-err><![CDATA[]]></system-err>
</testsuite>
